- Le nombre totale des mots: 124866
- Le nombre totale des mots plus utilises: 1635
- Use of the 50 most common noun words: 1.30940368074576
- Le nombre des mots plus utilises: 44
[tête] : 193
[porte] : 161
[temps] : 147
[fois] : 129
[monde] : 99
[personne] : 98
[feu] : 89
[jour] : 83
[lit] : 72
[école] : 56
[arbre] : 44
[raison] : 43
[monsieur] : 42
[maison] : 41
[chemin] : 37
[cheveu] : 37
[homme] : 34
[cœur] : 28
[chambre] : 25
[nez] : 23
[eau] : 18
[voiture] : 14
[village] : 13
[journal] : 13
[boîte] : 11
[oiseau] : 9
[femme] : 8
[dieu] : 8
[voyage] : 8
[avion] : 7
[adresse] : 6
[balle] : 6
[souris] : 6
[détail] : 5
[cheval] : 4
[pays] : 4
[route] : 4
[chaussure] : 2
[fleur] : 2
[portail] : 2
[hôpital] : 1
[mer] : 1
[gaz] : 1
[berceau] : 1
